# JRE version: OpenJDK Runtime Environment (8.0_202-b03) (build 1.8.0_202-release-1483-b03)
# Java VM: OpenJDK 64-Bit Server VM (25.202-b03 mixed mode windows-amd64 compressed oops)
Heap:
 PSYoungGen      total 373248K, used 115213K [0x00000000e0000000, 0x00000000fcb80000, 0x0000000100000000)
  eden space 346112K, 31% used [0x00000000e0000000,0x00000000e6ad0a58,0x00000000f5200000)
  from space 27136K, 21% used [0x00000000f5200000,0x00000000f57b2b80,0x00000000f6c80000)
  to   space 26112K, 0% used [0x00000000fb200000,0x00000000fb200000,0x00000000fcb80000)
 ParOldGen       total 122368K, used 97302K [0x00000000a0000000, 0x00000000a7780000, 0x00000000e0000000)
  object space 122368K, 79% used [0x00000000a0000000,0x00000000a5f059e0,0x00000000a7780000)
 Metaspace       used 85785K, capacity 90688K, committed 90880K, reserved 1128448K
  class space    used 10811K, capacity 11977K, committed 12032K, reserved 1048576K
GC Heap History (10 events):
Event: 481.332 GC heap before
{Heap before GC invocations=34 (full 3):
 PSYoungGen      total 251392K, used 246160K [0x00000000e0000000, 0x00000000f1980000, 0x0000000100000000)
  eden space 223744K, 100% used [0x00000000e0000000,0x00000000eda80000,0x00000000eda80000)
  from space 27648K, 81% used [0x00000000ef880000,0x00000000f0e64248,0x00000000f1380000)
  to   space 30720K, 0% used [0x00000000eda80000,0x00000000eda80000,0x00000000ef880000)
 ParOldGen       total 122368K, used 63678K [0x00000000a0000000, 0x00000000a7780000, 0x00000000e0000000)
  object space 122368K, 52% used [0x00000000a0000000,0x00000000a3e2f8f0,0x00000000a7780000)
 Metaspace       used 79553K, capacity 84366K, committed 84608K, reserved 1122304K
  class space    used 10107K, capacity 11306K, committed 11392K, reserved 1048576K
Event: 481.460 GC heap after
Heap after GC invocations=34 (full 3):
 PSYoungGen      total 254464K, used 15991K [0x00000000e0000000, 0x00000000f5300000, 0x0000000100000000)
  eden space 223744K, 0% used [0x00000000e0000000,0x00000000e0000000,0x00000000eda80000)
  from space 30720K, 52% used [0x00000000eda80000,0x00000000eea1dc48,0x00000000ef880000)
  to   space 30720K, 0% used [0x00000000f3500000,0x00000000f3500000,0x00000000f5300000)
 ParOldGen       total 122368K, used 81970K [0x00000000a0000000, 0x00000000a7780000, 0x00000000e0000000)
  object space 122368K, 66% used [0x00000000a0000000,0x00000000a500c930,0x00000000a7780000)
 Metaspace       used 79553K, capacity 84366K, committed 84608K, reserved 1122304K
  class space    used 10107K, capacity 11306K, committed 11392K, reserved 1048576K
}
Event: 482.371 GC heap before
{Heap before GC invocations=35 (full 3):
 PSYoungGen      total 254464K, used 239735K [0x00000000e0000000, 0x00000000f5300000, 0x0000000100000000)
  eden space 223744K, 100% used [0x00000000e0000000,0x00000000eda80000,0x00000000eda80000)
  from space 30720K, 52% used [0x00000000eda80000,0x00000000eea1dc48,0x00000000ef880000)
  to   space 30720K, 0% used [0x00000000f3500000,0x00000000f3500000,0x00000000f5300000)
 ParOldGen       total 122368K, used 81970K [0x00000000a0000000, 0x00000000a7780000, 0x00000000e0000000)
  object space 122368K, 66% used [0x00000000a0000000,0x00000000a500c930,0x00000000a7780000)
 Metaspace       used 79559K, capacity 84366K, committed 84608K, reserved 1122304K
  class space    used 10107K, capacity 11306K, committed 11392K, reserved 1048576K
Event: 482.396 GC heap after
Heap after GC invocations=35 (full 3):
 PSYoungGen      total 312320K, used 5463K [0x00000000e0000000, 0x00000000f5000000, 0x0000000100000000)
  eden space 284672K, 0% used [0x00000000e0000000,0x00000000e0000000,0x00000000f1600000)
  from space 27648K, 19% used [0x00000000f3500000,0x00000000f3a55ea8,0x00000000f5000000)
  to   space 29696K, 0% used [0x00000000f1600000,0x00000000f1600000,0x00000000f3300000)
 ParOldGen       total 122368K, used 88124K [0x00000000a0000000, 0x00000000a7780000, 0x00000000e0000000)
  object space 122368K, 72% used [0x00000000a0000000,0x00000000a560f2f8,0x00000000a7780000)
 Metaspace       used 79559K, capacity 84366K, committed 84608K, reserved 1122304K
  class space    used 10107K, capacity 11306K, committed 11392K, reserved 1048576K
}
Event: 484.134 GC heap before
{Heap before GC invocations=36 (full 3):
 PSYoungGen      total 312320K, used 290135K [0x00000000e0000000, 0x00000000f5000000, 0x0000000100000000)
  eden space 284672K, 100% used [0x00000000e0000000,0x00000000f1600000,0x00000000f1600000)
  from space 27648K, 19% used [0x00000000f3500000,0x00000000f3a55ea8,0x00000000f5000000)
  to   space 29696K, 0% used [0x00000000f1600000,0x00000000f1600000,0x00000000f3300000)
 ParOldGen       total 122368K, used 88124K [0x00000000a0000000, 0x00000000a7780000, 0x00000000e0000000)
  object space 122368K, 72% used [0x00000000a0000000,0x00000000a560f2f8,0x00000000a7780000)
 Metaspace       used 79610K, capacity 84378K, committed 84608K, reserved 1122304K
  class space    used 10108K, capacity 11308K, committed 11392K, reserved 1048576K
Event: 484.156 GC heap after
Heap after GC invocations=36 (full 3):
 PSYoungGen      total 314368K, used 6085K [0x00000000e0000000, 0x00000000f8b80000, 0x0000000100000000)
  eden space 284672K, 0% used [0x00000000e0000000,0x00000000e0000000,0x00000000f1600000)
  from space 29696K, 20% used [0x00000000f1600000,0x00000000f1bf1530,0x00000000f3300000)
  to   space 28672K, 0% used [0x00000000f6f80000,0x00000000f6f80000,0x00000000f8b80000)
 ParOldGen       total 122368K, used 93406K [0x00000000a0000000, 0x00000000a7780000, 0x00000000e0000000)
  object space 122368K, 76% used [0x00000000a0000000,0x00000000a5b37bd8,0x00000000a7780000)
 Metaspace       used 79610K, capacity 84378K, committed 84608K, reserved 1122304K
  class space    used 10108K, capacity 11308K, committed 11392K, reserved 1048576K
}
Event: 488.270 GC heap before
{Heap before GC invocations=37 (full 3):
 PSYoungGen      total 314368K, used 290757K [0x00000000e0000000, 0x00000000f8b80000, 0x0000000100000000)
  eden space 284672K, 100% used [0x00000000e0000000,0x00000000f1600000,0x00000000f1600000)
  from space 29696K, 20% used [0x00000000f1600000,0x00000000f1bf1530,0x00000000f3300000)
  to   space 28672K, 0% used [0x00000000f6f80000,0x00000000f6f80000,0x00000000f8b80000)
 ParOldGen       total 122368K, used 93406K [0x00000000a0000000, 0x00000000a7780000, 0x00000000e0000000)
  object space 122368K, 76% used [0x00000000a0000000,0x00000000a5b37bd8,0x00000000a7780000)
 Metaspace       used 80133K, capacity 84932K, committed 85120K, reserved 1122304K
  class space    used 10148K, capacity 11323K, committed 11392K, reserved 1048576K
Event: 488.314 GC heap after
Heap after GC invocations=37 (full 3):
 PSYoungGen      total 370176K, used 10223K [0x00000000e0000000, 0x00000000f8700000, 0x0000000100000000)
  eden space 346112K, 0% used [0x00000000e0000000,0x00000000e0000000,0x00000000f5200000)
  from space 24064K, 42% used [0x00000000f6f80000,0x00000000f797bfc8,0x00000000f8700000)
  to   space 27136K, 0% used [0x00000000f5200000,0x00000000f5200000,0x00000000f6c80000)
 ParOldGen       total 122368K, used 95943K [0x00000000a0000000, 0x00000000a7780000, 0x00000000e0000000)
  object space 122368K, 78% used [0x00000000a0000000,0x00000000a5db1c30,0x00000000a7780000)
 Metaspace       used 80133K, capacity 84932K, committed 85120K, reserved 1122304K
  class space    used 10148K, capacity 11323K, committed 11392K, reserved 1048576K
}
Event: 496.458 GC heap before
{Heap before GC invocations=38 (full 3):
 PSYoungGen      total 370176K, used 356335K [0x00000000e0000000, 0x00000000f8700000, 0x0000000100000000)
  eden space 346112K, 100% used [0x00000000e0000000,0x00000000f5200000,0x00000000f5200000)
  from space 24064K, 42% used [0x00000000f6f80000,0x00000000f797bfc8,0x00000000f8700000)
  to   space 27136K, 0% used [0x00000000f5200000,0x00000000f5200000,0x00000000f6c80000)
 ParOldGen       total 122368K, used 95943K [0x00000000a0000000, 0x00000000a7780000, 0x00000000e0000000)
  object space 122368K, 78% used [0x00000000a0000000,0x00000000a5db1c30,0x00000000a7780000)
 Metaspace       used 82619K, capacity 87472K, committed 87680K, reserved 1126400K
  class space    used 10424K, capacity 11595K, committed 11648K, reserved 1048576K
Event: 496.513 GC heap after
Heap after GC invocations=38 (full 3):
 PSYoungGen      total 373248K, used 5834K [0x00000000e0000000, 0x00000000fcb80000, 0x0000000100000000)
  eden space 346112K, 0% used [0x00000000e0000000,0x00000000e0000000,0x00000000f5200000)
  from space 27136K, 21% used [0x00000000f5200000,0x00000000f57b2b80,0x00000000f6c80000)
  to   space 26112K, 0% used [0x00000000fb200000,0x00000000fb200000,0x00000000fcb80000)
 ParOldGen       total 122368K, used 97302K [0x00000000a0000000, 0x00000000a7780000, 0x00000000e0000000)
  object space 122368K, 79% used [0x00000000a0000000,0x00000000a5f059e0,0x00000000a7780000)
 Metaspace       used 82619K, capacity 87472K, committed 87680K, reserved 1126400K
  class space    used 10424K, capacity 11595K, committed 11648K, reserved 1048576K
}

